# JRE version: Java(TM) SE Runtime Environment (17.0.11+7) (build 17.0.11+7-LTS-207)
# Java VM: Java HotSpot(TM) 64-Bit Server VM (17.0.11+7-LTS-207, mixed mode, sharing, tiered, compressed oops, compressed class ptrs, g1 gc, windows-amd64)
GC Precious Log:
 CPUs: 8 total, 8 available
 Memory: 7915M
 Large Page Support: Disabled
 NUMA Support: Disabled
 Compressed Oops: Enabled (32-bit)
 Heap Region Size: 1M
 Heap Min Capacity: 8M
 Heap Initial Capacity: 124M
 Heap Max Capacity: 2G
 Pre-touch: Disabled
 Parallel Workers: 8
 Concurrent Workers: 2
 Concurrent Refinement Workers: 8
 Periodic GC: Disabled
Heap:
 garbage-first heap   total 402432K, used 212819K [0x0000000080000000, 0x0000000100000000)
  region size 1024K, 4 young (4096K), 4 survivors (4096K)
 Metaspace       used 143361K, committed 144960K, reserved 557056K
  class space    used 19959K, committed 20736K, reserved 425984K
GC Heap History (20 events):
Event: 5177.729 GC heap after
{Heap after GC invocations=55 (full 0):
 garbage-first heap   total 402432K, used 231301K [0x0000000080000000, 0x0000000100000000)
  region size 1024K, 7 young (7168K), 7 survivors (7168K)
 Metaspace       used 115691K, committed 117120K, reserved 557056K
  class space    used 15813K, committed 16512K, reserved 425984K
}
Event: 5178.535 GC heap before
{Heap before GC invocations=55 (full 0):
 garbage-first heap   total 402432K, used 334725K [0x0000000080000000, 0x0000000100000000)
  region size 1024K, 108 young (110592K), 7 survivors (7168K)
 Metaspace       used 117897K, committed 119296K, reserved 557056K
  class space    used 16160K, committed 16832K, reserved 425984K
}
Event: 5178.544 GC heap after
{Heap after GC invocations=56 (full 0):
 garbage-first heap   total 402432K, used 233867K [0x0000000080000000, 0x0000000100000000)
  region size 1024K, 10 young (10240K), 10 survivors (10240K)
 Metaspace       used 117897K, committed 119296K, reserved 557056K
  class space    used 16160K, committed 16832K, reserved 425984K
}
Event: 5181.466 GC heap before
{Heap before GC invocations=56 (full 0):
 garbage-first heap   total 402432K, used 338315K [0x0000000080000000, 0x0000000100000000)
  region size 1024K, 112 young (114688K), 10 survivors (10240K)
 Metaspace       used 120394K, committed 121856K, reserved 557056K
  class space    used 16424K, committed 17152K, reserved 425984K
}
Event: 5181.494 GC heap after
{Heap after GC invocations=57 (full 0):
 garbage-first heap   total 402432K, used 248234K [0x0000000080000000, 0x0000000100000000)
  region size 1024K, 14 young (14336K), 14 survivors (14336K)
 Metaspace       used 120394K, committed 121856K, reserved 557056K
  class space    used 16424K, committed 17152K, reserved 425984K
}
Event: 5182.116 GC heap before
{Heap before GC invocations=57 (full 0):
 garbage-first heap   total 402432K, used 334250K [0x0000000080000000, 0x0000000100000000)
  region size 1024K, 98 young (100352K), 14 survivors (14336K)
 Metaspace       used 120638K, committed 122112K, reserved 557056K
  class space    used 16431K, committed 17152K, reserved 425984K
}
Event: 5182.136 GC heap after
{Heap after GC invocations=58 (full 0):
 garbage-first heap   total 402432K, used 261044K [0x0000000080000000, 0x0000000100000000)
  region size 1024K, 12 young (12288K), 12 survivors (12288K)
 Metaspace       used 120638K, committed 122112K, reserved 557056K
  class space    used 16431K, committed 17152K, reserved 425984K
}
Event: 5183.679 GC heap before
{Heap before GC invocations=58 (full 0):
 garbage-first heap   total 402432K, used 335796K [0x0000000080000000, 0x0000000100000000)
  region size 1024K, 86 young (88064K), 12 survivors (12288K)
 Metaspace       used 123352K, committed 124928K, reserved 557056K
  class space    used 16777K, committed 17600K, reserved 425984K
}
Event: 5183.694 GC heap after
{Heap after GC invocations=59 (full 0):
 garbage-first heap   total 402432K, used 267850K [0x0000000080000000, 0x0000000100000000)
  region size 1024K, 7 young (7168K), 7 survivors (7168K)
 Metaspace       used 123352K, committed 124928K, reserved 557056K
  class space    used 16777K, committed 17600K, reserved 425984K
}
Event: 5184.490 GC heap before
{Heap before GC invocations=59 (full 0):
 garbage-first heap   total 402432K, used 297546K [0x0000000080000000, 0x0000000100000000)
  region size 1024K, 37 young (37888K), 7 survivors (7168K)
 Metaspace       used 124435K, committed 126016K, reserved 557056K
  class space    used 16935K, committed 17728K, reserved 425984K
}
Event: 5184.529 GC heap after
{Heap after GC invocations=60 (full 0):
 garbage-first heap   total 402432K, used 269266K [0x0000000080000000, 0x0000000100000000)
  region size 1024K, 2 young (2048K), 2 survivors (2048K)
 Metaspace       used 124435K, committed 126016K, reserved 557056K
  class space    used 16935K, committed 17728K, reserved 425984K
}
Event: 5184.546 GC heap before
{Heap before GC invocations=60 (full 0):
 garbage-first heap   total 402432K, used 269266K [0x0000000080000000, 0x0000000100000000)
  region size 1024K, 3 young (3072K), 2 survivors (2048K)
 Metaspace       used 124540K, committed 126144K, reserved 557056K
  class space    used 16952K, committed 17728K, reserved 425984K
}
Event: 5184.950 GC heap after
{Heap after GC invocations=61 (full 1):
 garbage-first heap   total 402432K, used 168744K [0x0000000080000000, 0x0000000100000000)
  region size 1024K, 0 young (0K), 0 survivors (0K)
 Metaspace       used 124263K, committed 126144K, reserved 557056K
  class space    used 16884K, committed 17728K, reserved 425984K
}
Event: 5196.170 GC heap before
{Heap before GC invocations=61 (full 1):
 garbage-first heap   total 402432K, used 314152K [0x0000000080000000, 0x0000000100000000)
  region size 1024K, 141 young (144384K), 0 survivors (0K)
 Metaspace       used 137053K, committed 138624K, reserved 557056K
  class space    used 18850K, committed 19648K, reserved 425984K
}
Event: 5196.210 GC heap after
{Heap after GC invocations=62 (full 1):
 garbage-first heap   total 402432K, used 182890K [0x0000000080000000, 0x0000000100000000)
  region size 1024K, 12 young (12288K), 12 survivors (12288K)
 Metaspace       used 137053K, committed 138624K, reserved 557056K
  class space    used 18850K, committed 19648K, reserved 425984K
}
Event: 5197.857 GC heap before
{Heap before GC invocations=62 (full 1):
 garbage-first heap   total 402432K, used 306794K [0x0000000080000000, 0x0000000100000000)
  region size 1024K, 85 young (87040K), 12 survivors (12288K)
 Metaspace       used 143361K, committed 144960K, reserved 557056K
  class space    used 19959K, committed 20736K, reserved 425984K
}
Event: 5197.928 GC heap after
{Heap after GC invocations=63 (full 1):
 garbage-first heap   total 402432K, used 213434K [0x0000000080000000, 0x0000000100000000)
  region size 1024K, 4 young (4096K), 4 survivors (4096K)
 Metaspace       used 143361K, committed 144960K, reserved 557056K
  class space    used 19959K, committed 20736K, reserved 425984K
}
Event: 5197.975 GC heap before
{Heap before GC invocations=63 (full 1):
 garbage-first heap   total 402432K, used 254394K [0x0000000080000000, 0x0000000100000000)
  region size 1024K, 5 young (5120K), 4 survivors (4096K)
 Metaspace       used 143361K, committed 144960K, reserved 557056K
  class space    used 19959K, committed 20736K, reserved 425984K
}
Event: 5197.980 GC heap after
{Heap after GC invocations=64 (full 1):
 garbage-first heap   total 402432K, used 212962K [0x0000000080000000, 0x0000000100000000)
  region size 1024K, 4 young (4096K), 4 survivors (4096K)
 Metaspace       used 143361K, committed 144960K, reserved 557056K
  class space    used 19959K, committed 20736K, reserved 425984K
}
Event: 5198.011 GC heap before
{Heap before GC invocations=64 (full 1):
 garbage-first heap   total 402432K, used 249826K [0x0000000080000000, 0x0000000100000000)
  region size 1024K, 5 young (5120K), 4 survivors (4096K)
 Metaspace       used 143361K, committed 144960K, reserved 557056K
  class space    used 19959K, committed 20736K, reserved 425984K
}

